{
  "RSpec": {
    "coverage": {
      "/home/sriramreddy/examprep_wae/project_trackerr/test/controllers/students_controller_test.rb": [
        1,
        null,
        1,
        1,
        0,
        null,
        null,
        1,
        0,
        0,
        null,
        null,
        1,
        0,
        0,
        null,
        null,
        1,
        0,
        0,
        null,
        null,
        0,
        null,
        null,
        1,
        0,
        0,
        null,
        null,
        1,
        0,
        0,
        null,
        null,
        1,
        0,
        0,
        null,
        null,
        1,
        0,
        0,
        null,
        null,
        0,
        null,
        null
      ],
      "/home/sriramreddy/examprep_wae/project_trackerr/test/models/project_student_test.rb": [
        1,
        null,
        1,
        null,
        null,
        null,
        null
      ],
      "/home/sriramreddy/examprep_wae/project_trackerr/test/models/project_test.rb": [
        1,
        null,
        1,
        null,
        null,
        null,
        null
      ],
      "/home/sriramreddy/examprep_wae/project_trackerr/test/models/student_test.rb": [
        1,
        null,
        1,
        null,
        null,
        null,
        null
      ],
      "/home/sriramreddy/examprep_wae/project_trackerr/test/models/user_test.rb": [
        1,
        null,
        1,
        null,
        null,
        null,
        null
      ]
    },
    "timestamp": 1537906379
  }
}
